<?xml version="1.0" encoding="UTF-8"?>
<!-- Generated by org.testng.reporters.JUnitXMLReporter -->
<testsuite hostname="ermao750125-ThinkPad-T510" ignored="2" name="Simple Test" tests="4" failures="0" timestamp="22 Nov 2018 00:21:17 GMT" time="28.223" errors="0">
  <testcase name="verifyGooglePageTittle" time="3.729" classname="AravindAll.aravindall.GoogleHomePageTest"/>
  <testcase name="testmethodone" time="0.015" classname="AravindAll.aravindall.GetPageTitle"/>
  <testcase name="testmethodone" time="0.016" classname="TestNGOnePack.ClassOne"/>
  <testcase name="testmethodone" time="0.814" classname="TestNGOnePack.ClassTwo"/>
  <testcase name="@AfterSuite tearDown" time="0.0" classname="TestNGOnePack.BaseClassOne">
    <ignored/>
  </testcase> <!-- @AfterSuite tearDown -->
  <testcase name="@BeforeSuite setup" time="0.0" classname="TestNGOnePack.BaseClassOne">
    <ignored/>
  </testcase> <!-- @BeforeSuite setup -->
</testsuite> <!-- Simple Test -->
