<?xml version="1.0" encoding="UTF-8"?>
<!-- Generated by org.testng.reporters.JUnitXMLReporter -->
<testsuite hostname="ermao750125-ThinkPad-T510" ignored="6" name="Test two" tests="4" failures="0" timestamp="22 Nov 2018 00:21:18 GMT" time="1.462" errors="0">
  <testcase name="testmethodone" time="0.721" classname="TestNGTwoPack.ClassTwo"/>
  <testcase name="testmethodone" time="0.704" classname="TestNGThreePack.ClassTwo"/>
  <testcase name="testmethodone" time="0.016" classname="TestNGTwoPack.ClassOne"/>
  <testcase name="testmethodone" time="0.012" classname="TestNGThreePack.ClassOne"/>
  <testcase name="@AfterSuite tearDown" time="0.0" classname="TestNGOnePack.BaseClassOne">
    <ignored/>
  </testcase> <!-- @AfterSuite tearDown -->
  <testcase name="@AfterSuite tearDown" time="0.0" classname="TestNGOnePack.BaseClassOne">
    <ignored/>
  </testcase> <!-- @AfterSuite tearDown -->
  <testcase name="@AfterSuite tearDown" time="0.0" classname="TestNGOnePack.BaseClassOne">
    <ignored/>
  </testcase> <!-- @AfterSuite tearDown -->
  <testcase name="@BeforeSuite setup" time="0.0" classname="TestNGOnePack.BaseClassOne">
    <ignored/>
  </testcase> <!-- @BeforeSuite setup -->
  <testcase name="@BeforeSuite setup" time="0.0" classname="TestNGOnePack.BaseClassOne">
    <ignored/>
  </testcase> <!-- @BeforeSuite setup -->
  <testcase name="@BeforeSuite setup" time="0.0" classname="TestNGOnePack.BaseClassOne">
    <ignored/>
  </testcase> <!-- @BeforeSuite setup -->
</testsuite> <!-- Test two -->
