<?xml version="1.0" encoding="UTF-8"?>
<testsuite xmlns:xsi="http://www.w3.org/2001/XMLSchema-instance" xsi:noNamespaceSchemaLocation="https://maven.apache.org/surefire/maven-surefire-plugin/xsd/surefire-test-report.xsd" name="TestSuite" time="45.853" tests="4" errors="0" skipped="0" failures="0">
  <properties>
[...]
</properties>
  <testcase name="verifyGooglePageTittle" classname="AravindAll.aravindall.GoogleHomePageTest" time="3.003"/>
  <testcase name="testmethodone" classname="AravindAll.aravindall.GetPageTitle" time="0.006"/>
  <testcase name="testmethodone" classname="TestNGOnePack.ClassOne" time="0.011"/>
  <testcase name="testmethodone" classname="TestNGOnePack.ClassTwo" time="0.943"/>
</testsuite>