<?xml version="1.0" encoding="UTF-8"?>
<testng-results skipped="0" failed="0" ignored="0" total="1" passed="1">
  <reporter-output>
  </reporter-output>
  <suite name="Default suite" duration-ms="22308" started-at="2018-12-20T20:46:45Z" finished-at="2018-12-20T20:47:08Z">
    <groups>
    </groups>
    <test name="Default test" duration-ms="22308" started-at="2018-12-20T20:46:45Z" finished-at="2018-12-20T20:47:08Z">
      <class name="AravindAll.aravindall.GoogleHomePageTest">
        <test-method status="PASS" signature="testSetUp()[pri:0, instance:AravindAll.aravindall.GoogleHomePageTest@7b69c6ba]" name="testSetUp" is-config="true" duration-ms="17476" started-at="2018-12-20T20:46:45Z" finished-at="2018-12-20T20:47:03Z">
          <reporter-output>
          </reporter-output>
        </test-method> <!-- testSetUp -->
        <test-method status="PASS" signature="verifyGooglePageTittle()[pri:0, instance:AravindAll.aravindall.GoogleHomePageTest@7b69c6ba]" name="verifyGooglePageTittle" duration-ms="3377" started-at="2018-12-20T20:47:03Z" finished-at="2018-12-20T20:47:06Z">
          <reporter-output>
          </reporter-output>
        </test-method> <!-- verifyGooglePageTittle -->
        <test-method status="PASS" signature="tearDown()[pri:0, instance:AravindAll.aravindall.GoogleHomePageTest@7b69c6ba]" name="tearDown" is-config="true" duration-ms="1399" started-at="2018-12-20T20:47:06Z" finished-at="2018-12-20T20:47:08Z">
          <reporter-output>
          </reporter-output>
        </test-method> <!-- tearDown -->
      </class> <!-- AravindAll.aravindall.GoogleHomePageTest -->
    </test> <!-- Default test -->
  </suite> <!-- Default suite -->
</testng-results>
