<?xml version="1.0" encoding="UTF-8"?>
<!-- Generated by org.testng.reporters.JUnitXMLReporter -->
<testsuite hostname="ermao750125-ThinkPad-T510" ignored="2" name="Simple Test" tests="4" failures="0" timestamp="21 Nov 2018 23:49:43 GMT" time="30.366" errors="0">
  <testcase name="verifyGooglePageTittle" time="2.964" classname="AravindAll.aravindall.GoogleHomePageTest"/>
  <testcase name="testmethodone" time="0.007" classname="AravindAll.aravindall.GetPageTitle"/>
  <testcase name="testmethodone" time="0.011" classname="TestNGOnePack.ClassOne"/>
  <testcase name="testmethodone" time="0.942" classname="TestNGOnePack.ClassTwo"/>
  <testcase name="@AfterSuite tearDown" time="0.0" classname="TestNGOnePack.BaseClassOne">
    <ignored/>
  </testcase> <!-- @AfterSuite tearDown -->
  <testcase name="@BeforeSuite setup" time="0.0" classname="TestNGOnePack.BaseClassOne">
    <ignored/>
  </testcase> <!-- @BeforeSuite setup -->
</testsuite> <!-- Simple Test -->
