<?xml version="1.0" encoding="UTF-8"?>
<!-- Generated by org.testng.reporters.JUnitXMLReporter -->
<testsuite hostname="ermao750125-ThinkPad-T510" ignored="0" name="Test In Google Chrome" tests="2" failures="0" timestamp="22 Nov 2018 03:21:53 GMT" time="21.015" errors="0">
  <testcase name="verify_message" time="0.608" classname="AravindAll.aravindall.TestParallel"/>
  <testcase name="verify_title" time="1.455" classname="AravindAll.aravindall.TestParallel"/>
</testsuite> <!-- Test In Google Chrome -->
